0 info it worked if it ends with ok
1 verbose cli [ '/Users/garrett/.nvm/versions/node/v6.3.1/bin/node',
1 verbose cli   '/Users/garrett/.nvm/versions/node/v6.3.1/bin/npm',
1 verbose cli   'run',
1 verbose cli   'start' ]
2 info using npm@3.10.3
3 info using node@v6.3.1
4 verbose run-script [ 'prestart', 'start', 'poststart' ]
5 info lifecycle ts-node-react@1.0.0~prestart: ts-node-react@1.0.0
6 silly lifecycle ts-node-react@1.0.0~prestart: no script for prestart, continuing
7 info lifecycle ts-node-react@1.0.0~start: ts-node-react@1.0.0
8 verbose lifecycle ts-node-react@1.0.0~start: unsafe-perm in lifecycle true
9 verbose lifecycle ts-node-react@1.0.0~start: PATH: /Users/garrett/.nvm/versions/node/v6.3.1/lib/node_modules/npm/bin/node-gyp-bin:/Users/garrett/Documents/webDev/projects/ts-node-react/node_modules/.bin:/Users/garrett/.nvm/versions/node/v6.3.1/bin:/Users/garrett/.nvm/versions/node/v6.3.1/bin:/usr/local/go_appengine:/Users/garrett/go/bin:/usr/local/bin:/usr/bin:/bin:/usr/sbin:/sbin:/usr/local/go/bin::/Users/garrett/go/bin:/Applications/Postgres.app/Contents/Versions/9.5/bin
10 verbose lifecycle ts-node-react@1.0.0~start: CWD: /Users/garrett/Documents/webDev/projects/ts-node-react
11 silly lifecycle ts-node-react@1.0.0~start: Args: [ '-c', 'npm run clean && npm run build && npm run watch' ]
12 silly lifecycle ts-node-react@1.0.0~start: Returned: code: 1  signal: null
13 info lifecycle ts-node-react@1.0.0~start: Failed to exec start script
14 verbose stack Error: ts-node-react@1.0.0 start: `npm run clean && npm run build && npm run watch`
14 verbose stack Exit status 1
14 verbose stack     at EventEmitter.<anonymous> (/Users/garrett/.nvm/versions/node/v6.3.1/lib/node_modules/npm/lib/utils/lifecycle.js:242:16)
14 verbose stack     at emitTwo (events.js:106:13)
14 verbose stack     at EventEmitter.emit (events.js:191:7)
14 verbose stack     at ChildProcess.<anonymous> (/Users/garrett/.nvm/versions/node/v6.3.1/lib/node_modules/npm/lib/utils/spawn.js:40:14)
14 verbose stack     at emitTwo (events.js:106:13)
14 verbose stack     at ChildProcess.emit (events.js:191:7)
14 verbose stack     at maybeClose (internal/child_process.js:852:16)
14 verbose stack     at Process.ChildProcess._handle.onexit (internal/child_process.js:215:5)
15 verbose pkgid ts-node-react@1.0.0
16 verbose cwd /Users/garrett/Documents/webDev/projects/ts-node-react
17 error Darwin 15.3.0
18 error argv "/Users/garrett/.nvm/versions/node/v6.3.1/bin/node" "/Users/garrett/.nvm/versions/node/v6.3.1/bin/npm" "run" "start"
19 error node v6.3.1
20 error npm  v3.10.3
21 error code ELIFECYCLE
22 error ts-node-react@1.0.0 start: `npm run clean && npm run build && npm run watch`
22 error Exit status 1
23 error Failed at the ts-node-react@1.0.0 start script 'npm run clean && npm run build && npm run watch'.
23 error Make sure you have the latest version of node.js and npm installed.
23 error If you do, this is most likely a problem with the ts-node-react package,
23 error not with npm itself.
23 error Tell the author that this fails on your system:
23 error     npm run clean && npm run build && npm run watch
23 error You can get information on how to open an issue for this project with:
23 error     npm bugs ts-node-react
23 error Or if that isn't available, you can get their info via:
23 error     npm owner ls ts-node-react
23 error There is likely additional logging output above.
24 verbose exit [ 1, true ]
